<?xml version="1.0" encoding="UTF-8"?>
<!-- Generated by org.testng.reporters.JUnitXMLReporter -->
<testsuite hostname="LAPTOP-29E7URT6" ignored="8" name="Test" tests="5" failures="0" timestamp="08 Nov 2021 04:00:53 GMT" time="56.906" errors="0">
  <testcase name="@BeforeClass getTestCaseName" time="0.0" classname="testCases.LoginToMyStore2">
    <skipped/>
  </testcase> <!-- @BeforeClass getTestCaseName -->
  <testcase name="@BeforeClass getTestCaseName" time="0.001" classname="testCases.LoginToMyStoreWithRegisteredUser3">
    <skipped/>
  </testcase> <!-- @BeforeClass getTestCaseName -->
  <testcase name="loginToMyStore" time="17.438" classname="testCases.LoginToMyStore"/>
  <testcase name="loginToMyStore2" time="0.0" classname="testCases.LoginToMyStore2">
    <skipped/>
  </testcase> <!-- loginToMyStore2 -->
  <testcase name="loginToMyStoreWithRegisteredUser" time="15.978" classname="testCases.LoginToMyStoreWithRegisteredUser"/>
  <testcase name="loginToMyStoreWithRegisteredUser2" time="19.075" classname="testCases.LoginToMyStoreWithRegisteredUser2"/>
  <testcase name="loginToMyStoreWithRegisteredUser3" time="0.0" classname="testCases.LoginToMyStoreWithRegisteredUser3">
    <skipped/>
  </testcase> <!-- loginToMyStoreWithRegisteredUser3 -->
  <testcase name="@BeforeSuite initialization" time="0.0" classname="testBase_B10.TestBase_B10">
    <ignored/>
  </testcase> <!-- @BeforeSuite initialization -->
  <testcase name="@BeforeSuite initialization" time="0.0" classname="testBase_B10.TestBase_B10">
    <ignored/>
  </testcase> <!-- @BeforeSuite initialization -->
  <testcase name="@BeforeSuite initialization" time="0.0" classname="testBase_B10.TestBase_B10">
    <ignored/>
  </testcase> <!-- @BeforeSuite initialization -->
  <testcase name="@BeforeSuite initialization" time="0.0" classname="testBase_B10.TestBase_B10">
    <ignored/>
  </testcase> <!-- @BeforeSuite initialization -->
  <testcase name="@AfterSuite endTest" time="0.0" classname="testBase_B10.TestBase_B10">
    <ignored/>
  </testcase> <!-- @AfterSuite endTest -->
  <testcase name="@AfterSuite endTest" time="0.0" classname="testBase_B10.TestBase_B10">
    <ignored/>
  </testcase> <!-- @AfterSuite endTest -->
  <testcase name="@AfterSuite endTest" time="0.0" classname="testBase_B10.TestBase_B10">
    <ignored/>
  </testcase> <!-- @AfterSuite endTest -->
  <testcase name="@AfterSuite endTest" time="0.0" classname="testBase_B10.TestBase_B10">
    <ignored/>
  </testcase> <!-- @AfterSuite endTest -->
</testsuite> <!-- Test -->
