<?xml version="1.0" encoding="UTF-8"?>
<!-- Generated by org.testng.reporters.JUnitXMLReporter -->
<testsuite hostname="LAPTOP-29E7URT6" ignored="0" name="Test" tests="2" failures="0" timestamp="10 Oct 2021 05:57:53 GMT" time="35.918" errors="0">
  <testcase name="@BeforeMethod launchBrowser" time="7.62" classname="testPackage.LoginToInstagramWithTestNG">
    <failure type="java.lang.AssertionError" message="expected [insta] but found [Instagram]">
      <![CDATA[java.lang.AssertionError: expected [insta] but found [Instagram]
at testPackage.LoginToInstagramWithTestNG.launchBrowser(LoginToInstagramWithTestNG.java:81)
... Removed 34 stack frames]]>
    </failure>
  </testcase> <!-- @BeforeMethod launchBrowser -->
  <testcase name="@AfterMethod closeBrowser" time="0.0" classname="testPackage.LoginToInstagramWithTestNG">
    <skipped/>
  </testcase> <!-- @AfterMethod closeBrowser -->
  <testcase name="loginToInstagramWithTestNG2" time="10.929" classname="testPackage.LoginToInstagramWithTestNG2"/>
  <testcase name="loginToInstagramWithTestNG1" time="0.0" classname="testPackage.LoginToInstagramWithTestNG">
    <skipped/>
  </testcase> <!-- loginToInstagramWithTestNG1 -->
</testsuite> <!-- Test -->
